chamberlain_grundlagen01_1899_0109
brunner_rechtsgeschichte02_1892_0421
ludwig_physiologie01_1852_0239
ranke_reformation03_1840_0532
zoeckler_lehre_1879_0052
klostermann_eigenthum01_1867_0197
laband_staatsrecht01_1876_0562
beck_eisen05_1903_0518
mommsen_roemische02_1855_0232
avelallemant_gaunerthum02_1858_0158
marx_kapital01_1867_0761
laband_staatsrecht01_1876_0229
jhering_recht0202_1858_0147
beck_eisen01_1884_0554
baumstark_encyclopaedie_1835_0071
brehm_thierleben01_1864_0184
frege_sinn_1892_0025
brunner_rechtsgeschichte01_1887_0110
klostermann_eigenthum01_1867_0444
mayer_verwaltungsrecht01_1895_0313
brunner_rechtsgeschichte02_1892_0535
brunner_rechtsgeschichte01_1887_0096
beck_eisen02_1895_0191
brunner_rechtsgeschichte01_1887_0136
beck_eisen01_1884_0483
bach_versuch01_1759_0082
treitschke_geschichte04_1889_0204
brunner_rechtsgeschichte01_1887_0428
boelsche_liebesleben02_1900_0105
berg_ostasienzoologie01_1876_0375
mayer_verwaltungsrecht02_1896_0455
siebold_suesswasserfische_1863_0044
hilbert_mathematische_1900_0028
boelsche_liebesleben02_1900_0024
brunner_rechtsgeschichte02_1892_0652
schweiger_armenien_1878_0072
luz_blitz_1784_0020
savigny_system02_1840_0446
jhering_recht01_1852_0277
strauss_jesus01_1835_0038
grimm_grammatik01_1822_0398
wilamowitz_aristoteles01_1893_0343
avelallemant_gaunerthum02_1858_0112
klueber_voelkerrecht02_1821_0083
brunner_rechtsgeschichte01_1887_0332
scheffel_ekkehard_1855_0479
boelsche_liebesleben02_1900_0047
avelallemant_gaunerthum02_1858_0151
carus_zoologie_1872_0151
laband_staatsrecht0301_1880_0319
laband_staatsrecht02_1878_0112
glueck_pandecten02_1791_0100
klueber_recht_1817_0125
mayer_verwaltungsrecht01_1895_0247
brunner_rechtsgeschichte02_1892_0628
laband_staatsrecht02_1878_0360
brunner_rechtsgeschichte01_1887_0072
marx_kapital01_1867_0602
strauss_jesus02_1836_0675
brockes_vergnuegen03_1730_0303
siebold_suesswasserfische_1863_0270
treitschke_geschichte04_1889_0056
heffter_voelkerrecht_1844_0099
laband_staatsrecht0302_1882_0097
heffter_voelkerrecht_1844_0045
griesinger_psychische_1845_0106
beck_eisen01_1884_0740
laband_staatsrecht01_1876_0287
beck_eisen01_1884_0559
treitschke_geschichte03_1885_0026
avelallemant_gaunerthum02_1858_0260
brunner_rechtsgeschichte01_1887_0388
brunner_rechtsgeschichte02_1892_0226
schwappach_forstpolitik_1894_0361
brunner_rechtsgeschichte02_1892_0177
laband_staatsrecht01_1876_0199
ercker_aula01_1672_0112
glueck_pandecten01_1790_0212
brunner_rechtsgeschichte02_1892_0537
laband_staatsrecht0302_1882_0186
brunner_rechtsgeschichte01_1887_0399
beck_eisen05_1903_0616
jhering_recht0202_1858_0375
jhering_recht0201_1854_0198
brunner_rechtsgeschichte01_1887_0156
brunner_rechtsgeschichte02_1892_0605
mayer_verwaltungsrecht01_1895_0253
avelallemant_gaunerthum02_1858_0328
laband_staatsrecht0302_1882_0184
brunner_rechtsgeschichte01_1887_0275
avelallemant_gaunerthum02_1858_0195
laband_staatsrecht0301_1880_0383
laband_staatsrecht0301_1880_0215
mayer_verwaltungsrecht02_1896_0135
klostermann_eigenthum01_1867_0338
ludwig_physiologie02_1856_0030
gerber_staatsrecht_1865_0096
ranke_reformation05_1843_0343
klostermann_eigenthum01_1867_0360
brunner_rechtsgeschichte01_1887_0380
beck_eisen01_1884_0339
ranke_reformation03_1840_0459
treitschke_geschichte03_1885_0300
baer_thiere_1837_0275
klueber_recht_1817_0686
brehm_thierleben01_1864_0188
treitschke_geschichte02_1882_0614
savigny_system04_1841_0035
stock_gesellenwesen_1844_0074
brunner_rechtsgeschichte01_1887_0373
beck_eisen02_1895_0373
berg_ostasien01_1864_0150
wilamowitz_aristoteles01_1893_0028
laband_staatsrecht01_1876_0112
siebold_suesswasserfische_1863_0170
beck_eisen02_1895_0128
siebold_suesswasserfische_1863_0258
marx_kapital01_1867_0680
rumohr_forschungen03_1831_0113
trichter_ritterexercitienlexikon_1742_0258
treitschke_geschichte04_1889_0131
beck_eisen01_1884_0973
treitschke_geschichte05_1894_0364
laband_staatsrecht01_1876_0303
beck_eisen01_1884_0743
jhering_recht0201_1854_0234
schmoller_kleingewerbe_1870_0367
siebold_suesswasserfische_1863_0299
sachs_botanik_1875_0029
rumohr_forschungen02_1827_0317
jhering_recht03_1865_0238
ercker_aula01_1672_0282
brunner_rechtsgeschichte01_1887_0164
bismarck_erinnerungen02_1898_0057
berg_ostasien04_1873_0423
chamberlain_grundlagen02_1899_0098
brunner_rechtsgeschichte01_1887_0087
beck_eisen02_1895_0118
siebold_suesswasserfische_1863_0188
laband_staatsrecht0302_1882_0241
schweiger_armenien_1878_0089
wilamowitz_aristoteles01_1893_0231
steinen_naturvoelker_1894_0465
justi_velazquez02_1888_0139
mayer_verwaltungsrecht01_1895_0095
savigny_system04_1841_0056
ranke_reformation01_1839_0256
boelsche_liebesleben02_1900_0081
baer_thiere_1837_0096
treitschke_geschichte05_1894_0539
treitschke_geschichte04_1889_0222
brunner_rechtsgeschichte01_1887_0283
boelsche_liebesleben02_1900_0124
laband_staatsrecht0302_1882_0357
ranke_reformation03_1840_0225
busch_max_1865_0077
brunner_rechtsgeschichte02_1892_0516
beck_eisen05_1903_0226
wilamowitz_aristoteles01_1893_0221
beck_eisen02_1895_0160
brunner_rechtsgeschichte01_1887_0344
laband_staatsrecht01_1876_0617
laband_staatsrecht0302_1882_0169
zoeckler_lehre_1879_0155
brunner_rechtsgeschichte02_1892_0443
jhering_recht0201_1854_0083
brunner_rechtsgeschichte01_1887_0304
savigny_system02_1840_0560
jhering_recht01_1852_0308
beck_eisen02_1895_0548
boelsche_liebesleben02_1900_0101
savigny_system05_1841_0234
siebold_suesswasserfische_1863_0231
laband_staatsrecht01_1876_0041
klueber_recht_1817_0368
sprengel_blumen_1793_0176
beck_eisen02_1895_0112
brunner_rechtsgeschichte01_1887_0107
darwin_pflanzen_1876_0350
wilamowitz_aristoteles02_1893_0032
jhering_recht03_1865_0298
baer_thiere_1837_0280
strauss_jesus02_1836_0549
griesinger_psychische_1845_0117
bluntschli_staatslehre_1875_0435
bluntschli_staatslehre_1875_0650
mayer_verwaltungsrecht02_1896_0247
beck_eisen02_1895_0156
brunner_rechtsgeschichte02_1892_0136
laband_staatsrecht0301_1880_0256
boelsche_liebesleben02_1900_0075
siebold_suesswasserfische_1863_0242
wilamowitz_aristoteles01_1893_0145
treitschke_geschichte04_1889_0179
laband_staatsrecht0301_1880_0069
brunner_rechtsgeschichte01_1887_0280
mayer_verwaltungsrecht01_1895_0084
guenther_voelkerrecht02_1792_0460
wilamowitz_aristoteles01_1893_0264
treitschke_geschichte03_1885_0235
glueck_pandecten02_1791_0378
laband_staatsrecht01_1876_0123
brunner_rechtsgeschichte01_1887_0230
brunner_rechtsgeschichte02_1892_0040
darwin_pflanzen_1876_0374
glueck_pandecten02_1791_0058
brunner_rechtsgeschichte01_1887_0153
brunner_rechtsgeschichte01_1887_0219
chamberlain_grundlagen02_1899_0316
brunner_rechtsgeschichte01_1887_0232
brunner_rechtsgeschichte01_1887_0408
beck_eisen03_1897_0188
marx_kapital01_1867_0561
ranke_reformation01_1839_0273
laband_staatsrecht02_1878_0366
savigny_system04_1841_0052
rumohr_forschungen02_1827_0187
heffter_voelkerrecht_1844_0102
sachs_botanik_1875_0429
brunner_rechtsgeschichte01_1887_0370
laband_staatsrecht0302_1882_0073
humboldt_aequinoktial04_1859_0256
justi_velazquez01_1888_0249
treitschke_geschichte03_1885_0645
baer_thiere_1837_0030
ranke_reformation03_1840_0357
altmann_elementarorganismen_1890_0061
laband_staatsrecht02_1878_0439
laband_staatsrecht01_1876_0378
burckhardt_renaissance_1860_0020
gessner_buchdruckerkunst02_1740_0021
mayer_verwaltungsrecht01_1895_0402
laband_staatsrecht0302_1882_0307
laband_staatsrecht02_1878_0354
guenther_voelkerrecht02_1792_0268
treitschke_geschichte05_1894_0705
beck_eisen01_1884_0501
laband_staatsrecht02_1878_0464
ludwig_physiologie01_1852_0053
avelallemant_gaunerthum02_1858_0254
gerber_staatsrecht_1865_0160
heffter_voelkerrecht_1844_0103
klostermann_eigenthum01_1867_0142
brunner_rechtsgeschichte01_1887_0286
brunner_rechtsgeschichte01_1887_0177
beck_eisen01_1884_0641
heffter_voelkerrecht_1844_0172
savigny_system02_1840_0149
laband_staatsrecht0302_1882_0201
baumstark_encyclopaedie_1835_0246
burckhardt_renaissance_1860_0393
beck_eisen05_1903_0355
laband_staatsrecht02_1878_0153
bach_versuch02_1762_0345
klueber_voelkerrecht01_1821_0248
heffter_voelkerrecht_1844_0282
ranke_paepste01_1834_0460
ranke_reformation04_1843_0294
brunner_rechtsgeschichte02_1892_0504
bierbaum_stilpe_1897_0071
baumstark_encyclopaedie_1835_0800
laband_staatsrecht02_1878_0404
glueck_pandecten02_1791_0107
avelallemant_gaunerthum02_1858_0343
drude_pflanzengeographie_1890_0145
brehm_thierleben01_1864_0320
laband_staatsrecht0302_1882_0182
mayer_verwaltungsrecht01_1895_0169
boelsche_liebesleben01_1898_0340
zoeckler_lehre_1879_0241
brunner_rechtsgeschichte01_1887_0127
mayer_verwaltungsrecht02_1896_0356
guenther_voelkerrecht02_1792_0351
laband_staatsrecht02_1878_0117
brunner_rechtsgeschichte01_1887_0233
beck_eisen04_1899_0659
brunner_rechtsgeschichte01_1887_0407
brunner_rechtsgeschichte02_1892_0084
zoeckler_lehre_1879_0207
schwappach_forstpolitik_1894_0249
laband_staatsrecht0302_1882_0247
bismarck_erinnerungen01_1898_0364
ludwig_physiologie02_1856_0400
brunner_rechtsgeschichte02_1892_0150
beseler_kommentar_1851_0361
laband_staatsrecht0301_1880_0227
riegl_stilfragen_1893_0190
ludwig_physiologie01_1852_0302
brunner_rechtsgeschichte02_1892_0100
kerl_metallurgische_1866_0098
avelallemant_gaunerthum02_1858_0294
beck_eisen05_1903_0534
ranke_reformation03_1840_0505
savigny_system04_1841_0227
wilamowitz_aristoteles02_1893_0084
laband_staatsrecht0301_1880_0047
brunner_rechtsgeschichte01_1887_0181
rumohr_forschungen02_1827_0060
laband_staatsrecht0301_1880_0124
laband_staatsrecht0301_1880_0287
jhering_recht0201_1854_0211
heffter_voelkerrecht_1844_0248
brunner_rechtsgeschichte02_1892_0616
wilamowitz_aristoteles01_1893_0160
mayer_verwaltungsrecht02_1896_0404
dahlmann_politik_1835_0115
gerber_staatsrecht_1865_0151
wilamowitz_tragoedie_1889_0335
jhering_recht0201_1854_0182
laband_staatsrecht0301_1880_0376
laband_staatsrecht01_1876_0081
schwappach_forstpolitik_1894_0024
beck_eisen02_1895_0157
ranke_reformation01_1839_0179
klostermann_eigenthum01_1867_0334
beck_eisen02_1895_0307
laband_staatsrecht0302_1882_0125
beck_eisen01_1884_0219
